<?xml version="1.0" encoding="utf-8" standalone="no"?>
<test-results xmlns:xsi="http://www.w3.org/2001/XMLSchema-instance" xsi:noNamespaceSchemaLocation="nunit_schema_2.5.xsd" name="Pester" total="2" errors="0" failures="0" not-run="0" inconclusive="0" ignored="0" skipped="0" invalid="0" date="2018-12-28" time="14:45:06">
  <environment user="NDBHSV-DA-01$" machine-name="NDBHSV-DA-01" cwd="C:\agent\_work\5\s" user-domain="NODEIT" platform="Microsoft Windows Server 2016 Standard|C:\Windows|\Device\Harddisk0\Partition2" nunit-version="2.5.8.0" os-version="10.0.14393" clr-version="4.0.30319.42000" />
  <culture-info current-culture="en-GB" current-uiculture="en-US" />
  <test-suite type="TestFixture" name="Pester" executed="True" result="Success" success="True" time="1.5791" asserts="0" description="Pester">
    <results>
      <test-suite type="TestFixture" name="C:\agent\_work\5\s\Tests\ModuleImport.Tests.ps1" executed="True" result="Success" success="True" time="1.5791" asserts="0" description="C:\agent\_work\5\s\Tests\ModuleImport.Tests.ps1">
        <results>
          <test-suite type="TestFixture" name="PowerShell Module Import Test" executed="True" result="Success" success="True" time="1.5791" asserts="0" description="PowerShell Module Import Test">
            <results>
              <test-case description="Module Path should exist" name="PowerShell Module Import Test.Module Path should exist" time="0.8525" asserts="0" success="True" result="Success" executed="True" />
              <test-case description="Should be imported successfully" name="PowerShell Module Import Test.Should be imported successfully" time="0.7266" asserts="0" success="True" result="Success" executed="True" />
            </results>
          </test-suite>
        </results>
      </test-suite>
      <test-suite type="TestFixture" name="C:\agent\_work\5\s\Tests\PSSA.tests.ps1" executed="True" result="Success" success="True" time="0" asserts="0" description="C:\agent\_work\5\s\Tests\PSSA.tests.ps1">
        <results>
          <test-suite type="TestFixture" name="Testing against PSSA rules" executed="True" result="Success" success="True" time="0" asserts="0" description="Testing against PSSA rules">
            <results>
              <test-suite type="TestFixture" name="PSSA Standard Rules" executed="True" result="Success" success="True" time="0" asserts="0" description="PSSA Standard Rules">
                <results />
              </test-suite>
            </results>
          </test-suite>
        </results>
      </test-suite>
    </results>
  </test-suite>
</test-results>