<?xml version="1.0" encoding="utf-8" standalone="no"?>
<test-results xmlns:xsi="http://www.w3.org/2001/XMLSchema-instance" xsi:noNamespaceSchemaLocation="nunit_schema_2.5.xsd" name="Pester" total="495" errors="0" failures="9" not-run="0" inconclusive="0" ignored="0" skipped="0" invalid="0" date="2018-08-21" time="15:42:00">
  <environment user="NDBHSV-DA-01$" machine-name="NDBHSV-DA-01" cwd="C:\agent\_work\1\s" user-domain="NODEIT" platform="Microsoft Windows Server 2016 Standard|C:\Windows|\Device\Harddisk0\Partition2" nunit-version="2.5.8.0" os-version="10.0.14393" clr-version="4.0.30319.42000" />
  <culture-info current-culture="en-GB" current-uiculture="en-US" />
  <test-suite type="TestFixture" name="Pester" executed="True" result="Failure" success="False" time="29.7234" asserts="0" description="Pester">
    <results>
      <test-suite type="TestFixture" name=".\Tests\PSSA.tests.ps1" executed="True" result="Failure" success="False" time="29.7234" asserts="0" description=".\Tests\PSSA.tests.ps1">
        <results>
          <test-suite type="TestFixture" name="Testing against PSSA rules" executed="True" result="Failure" success="False" time="29.7234" asserts="0" description="Testing against PSSA rules">
            <results>
              <test-suite type="TestFixture" name="PSSA Standard Rules" executed="True" result="Failure" success="False" time="29.7234" asserts="0" description="PSSA Standard Rules">
                <results>
                  <test-case description="Should pass PSAlignAssignmentStatement" name="Testing against PSSA rules.PSSA Standard Rules.Should pass PSAlignAssignmentStatement" time="1.5483" asserts="0" success="True" result="Success" executed="True" />
                  <test-case description="Should pass PSAvoidUsingCmdletAliases" name="Testing against PSSA rules.PSSA Standard Rules.Should pass PSAvoidUsingCmdletAliases" time="0.0238" asserts="0" success="True" result="Success" executed="True" />
                  <test-case description="Should pass PSAvoidAssignmentToAutomaticVariable" name="Testing against PSSA rules.PSSA Standard Rules.Should pass PSAvoidAssignmentToAutomaticVariable" time="0.0161" asserts="0" success="True" result="Success" executed="True" />
                  <test-case description="Should pass PSAvoidDefaultValueSwitchParameter" name="Testing against PSSA rules.PSSA Standard Rules.Should pass PSAvoidDefaultValueSwitchParameter" time="0.0138" asserts="0" success="True" result="Success" executed="True" />
                  <test-case description="Should pass PSAvoidDefaultValueForMandatoryParameter" name="Testing against PSSA rules.PSSA Standard Rules.Should pass PSAvoidDefaultValueForMandatoryParameter" time="0.0126" asserts="0" success="True" result="Success" executed="True" />
                  <test-case description="Should pass PSAvoidUsingEmptyCatchBlock" name="Testing against PSSA rules.PSSA Standard Rules.Should pass PSAvoidUsingEmptyCatchBlock" time="0.0131" asserts="0" success="True" result="Success" executed="True" />
                  <test-case description="Should pass PSAvoidGlobalAliases" name="Testing against PSSA rules.PSSA Standard Rules.Should pass PSAvoidGlobalAliases" time="0.0127" asserts="0" success="True" result="Success" executed="True" />
                  <test-case description="Should pass PSAvoidGlobalFunctions" name="Testing against PSSA rules.PSSA Standard Rules.Should pass PSAvoidGlobalFunctions" time="0.0124" asserts="0" success="True" result="Success" executed="True" />
                  <test-case description="Should pass PSAvoidGlobalVars" name="Testing against PSSA rules.PSSA Standard Rules.Should pass PSAvoidGlobalVars" time="0.0129" asserts="0" success="True" result="Success" executed="True" />
                  <test-case description="Should pass PSAvoidInvokingEmptyMembers" name="Testing against PSSA rules.PSSA Standard Rules.Should pass PSAvoidInvokingEmptyMembers" time="0.0134" asserts="0" success="True" result="Success" executed="True" />
                  <test-case description="Should pass PSAvoidNullOrEmptyHelpMessageAttribute" name="Testing against PSSA rules.PSSA Standard Rules.Should pass PSAvoidNullOrEmptyHelpMessageAttribute" time="0.016" asserts="0" success="True" result="Success" executed="True" />
                  <test-case description="Should pass PSAvoidUsingPositionalParameters" name="Testing against PSSA rules.PSSA Standard Rules.Should pass PSAvoidUsingPositionalParameters" time="0.0159" asserts="0" success="True" result="Success" executed="True" />
                  <test-case description="Should pass PSReservedCmdletChar" name="Testing against PSSA rules.PSSA Standard Rules.Should pass PSReservedCmdletChar" time="0.0154" asserts="0" success="True" result="Success" executed="True" />
                  <test-case description="Should pass PSReservedParams" name="Testing against PSSA rules.PSSA Standard Rules.Should pass PSReservedParams" time="0.0158" asserts="0" success="True" result="Success" executed="True" />
                  <test-case description="Should pass PSAvoidShouldContinueWithoutForce" name="Testing against PSSA rules.PSSA Standard Rules.Should pass PSAvoidShouldContinueWithoutForce" time="0.0154" asserts="0" success="True" result="Success" executed="True" />
                  <test-case description="Should pass PSAvoidTrailingWhitespace" name="Testing against PSSA rules.PSSA Standard Rules.Should pass PSAvoidTrailingWhitespace" time="0.0316" asserts="0" success="True" result="Success" executed="True" />
                  <test-case description="Should pass PSAvoidUsingUserNameAndPassWordParams" name="Testing against PSSA rules.PSSA Standard Rules.Should pass PSAvoidUsingUserNameAndPassWordParams" time="0.0128" asserts="0" success="True" result="Success" executed="True" />
                  <test-case description="Should pass PSAvoidUsingComputerNameHardcoded" name="Testing against PSSA rules.PSSA Standard Rules.Should pass PSAvoidUsingComputerNameHardcoded" time="0.0334" asserts="0" success="True" result="Success" executed="True" />
                  <test-case description="Should pass PSAvoidUsingConvertToSecureStringWithPlainText" name="Testing against PSSA rules.PSSA Standard Rules.Should pass PSAvoidUsingConvertToSecureStringWithPlainText" time="0.0559" asserts="0" success="True" result="Success" executed="True" />
                  <test-case description="Should pass PSAvoidUsingDeprecatedManifestFields" name="Testing against PSSA rules.PSSA Standard Rules.Should pass PSAvoidUsingDeprecatedManifestFields" time="0.0307" asserts="0" success="True" result="Success" executed="True" />
                  <test-case description="Should pass PSAvoidUsingInvokeExpression" name="Testing against PSSA rules.PSSA Standard Rules.Should pass PSAvoidUsingInvokeExpression" time="0.016" asserts="0" success="True" result="Success" executed="True" />
                  <test-case description="Should pass PSAvoidUsingPlainTextForPassword" name="Testing against PSSA rules.PSSA Standard Rules.Should pass PSAvoidUsingPlainTextForPassword" time="0.0117" asserts="0" success="True" result="Success" executed="True" />
                  <test-case description="Should pass PSAvoidUsingWMICmdlet" name="Testing against PSSA rules.PSSA Standard Rules.Should pass PSAvoidUsingWMICmdlet" time="0.0116" asserts="0" success="True" result="Success" executed="True" />
                  <test-case description="Should pass PSAvoidUsingWriteHost" name="Testing against PSSA rules.PSSA Standard Rules.Should pass PSAvoidUsingWriteHost" time="0.83" asserts="0" success="False" result="Failure" executed="True">
                    <failure>
                      <message>Expected 0, but got 29.</message>
                      <stack-trace>at &lt;ScriptBlock&gt;, C:\agent\_work\1\s\Tests\PSSA.tests.ps1: line 20
20:                         $failures.Count | Should Be 0</stack-trace>
                    </failure>
                  </test-case>
                  <test-case description="Should pass PSMisleadingBacktick" name="Testing against PSSA rules.PSSA Standard Rules.Should pass PSMisleadingBacktick" time="0.1466" asserts="0" success="True" result="Success" executed="True" />
                  <test-case description="Should pass PSMissingModuleManifestField" name="Testing against PSSA rules.PSSA Standard Rules.Should pass PSMissingModuleManifestField" time="0.0112" asserts="0" success="True" result="Success" executed="True" />
                  <test-case description="Should pass PSPlaceCloseBrace" name="Testing against PSSA rules.PSSA Standard Rules.Should pass PSPlaceCloseBrace" time="0.0192" asserts="0" success="True" result="Success" executed="True" />
                  <test-case description="Should pass PSPlaceOpenBrace" name="Testing against PSSA rules.PSSA Standard Rules.Should pass PSPlaceOpenBrace" time="0.0283" asserts="0" success="True" result="Success" executed="True" />
                  <test-case description="Should pass PSPossibleIncorrectComparisonWithNull" name="Testing against PSSA rules.PSSA Standard Rules.Should pass PSPossibleIncorrectComparisonWithNull" time="0.0112" asserts="0" success="True" result="Success" executed="True" />
                  <test-case description="Should pass PSPossibleIncorrectUsageOfAssignmentOperator" name="Testing against PSSA rules.PSSA Standard Rules.Should pass PSPossibleIncorrectUsageOfAssignmentOperator" time="0.0149" asserts="0" success="True" result="Success" executed="True" />
                  <test-case description="Should pass PSPossibleIncorrectUsageOfRedirectionOperator" name="Testing against PSSA rules.PSSA Standard Rules.Should pass PSPossibleIncorrectUsageOfRedirectionOperator" time="0.0928" asserts="0" success="True" result="Success" executed="True" />
                  <test-case description="Should pass PSProvideCommentHelp" name="Testing against PSSA rules.PSSA Standard Rules.Should pass PSProvideCommentHelp" time="0.2561" asserts="0" success="True" result="Success" executed="True" />
                  <test-case description="Should pass PSUseApprovedVerbs" name="Testing against PSSA rules.PSSA Standard Rules.Should pass PSUseApprovedVerbs" time="0.0112" asserts="0" success="True" result="Success" executed="True" />
                  <test-case description="Should pass PSUseBOMForUnicodeEncodedFile" name="Testing against PSSA rules.PSSA Standard Rules.Should pass PSUseBOMForUnicodeEncodedFile" time="0.3375" asserts="0" success="True" result="Success" executed="True" />
                  <test-case description="Should pass PSUseCmdletCorrectly" name="Testing against PSSA rules.PSSA Standard Rules.Should pass PSUseCmdletCorrectly" time="0.0161" asserts="0" success="True" result="Success" executed="True" />
                  <test-case description="Should pass PSUseCompatibleCmdlets" name="Testing against PSSA rules.PSSA Standard Rules.Should pass PSUseCompatibleCmdlets" time="0.0156" asserts="0" success="True" result="Success" executed="True" />
                  <test-case description="Should pass PSUseConsistentIndentation" name="Testing against PSSA rules.PSSA Standard Rules.Should pass PSUseConsistentIndentation" time="0.0158" asserts="0" success="True" result="Success" executed="True" />
                  <test-case description="Should pass PSUseConsistentWhitespace" name="Testing against PSSA rules.PSSA Standard Rules.Should pass PSUseConsistentWhitespace" time="0.0173" asserts="0" success="True" result="Success" executed="True" />
                  <test-case description="Should pass PSUseDeclaredVarsMoreThanAssignments" name="Testing against PSSA rules.PSSA Standard Rules.Should pass PSUseDeclaredVarsMoreThanAssignments" time="0.0127" asserts="0" success="True" result="Success" executed="True" />
                  <test-case description="Should pass PSUseLiteralInitializerForHashtable" name="Testing against PSSA rules.PSSA Standard Rules.Should pass PSUseLiteralInitializerForHashtable" time="0.0133" asserts="0" success="True" result="Success" executed="True" />
                  <test-case description="Should pass PSUseOutputTypeCorrectly" name="Testing against PSSA rules.PSSA Standard Rules.Should pass PSUseOutputTypeCorrectly" time="0.0197" asserts="0" success="True" result="Success" executed="True" />
                  <test-case description="Should pass PSUsePSCredentialType" name="Testing against PSSA rules.PSSA Standard Rules.Should pass PSUsePSCredentialType" time="0.016" asserts="0" success="True" result="Success" executed="True" />
                  <test-case description="Should pass PSShouldProcess" name="Testing against PSSA rules.PSSA Standard Rules.Should pass PSShouldProcess" time="0.0378" asserts="0" success="True" result="Success" executed="True" />
                  <test-case description="Should pass PSUseShouldProcessForStateChangingFunctions" name="Testing against PSSA rules.PSSA Standard Rules.Should pass PSUseShouldProcessForStateChangingFunctions" time="0.268" asserts="0" success="True" result="Success" executed="True" />
                  <test-case description="Should pass PSUseSingularNouns" name="Testing against PSSA rules.PSSA Standard Rules.Should pass PSUseSingularNouns" time="0.1562" asserts="0" success="True" result="Success" executed="True" />
                  <test-case description="Should pass PSUseSupportsShouldProcess" name="Testing against PSSA rules.PSSA Standard Rules.Should pass PSUseSupportsShouldProcess" time="0.0314" asserts="0" success="True" result="Success" executed="True" />
                  <test-case description="Should pass PSUseToExportFieldsInManifest" name="Testing against PSSA rules.PSSA Standard Rules.Should pass PSUseToExportFieldsInManifest" time="0.1703" asserts="0" success="True" result="Success" executed="True" />
                  <test-case description="Should pass PSUseUTF8EncodingForHelpFile" name="Testing against PSSA rules.PSSA Standard Rules.Should pass PSUseUTF8EncodingForHelpFile" time="0.0481" asserts="0" success="True" result="Success" executed="True" />
                  <test-case description="Should pass PSDSCDscExamplesPresent" name="Testing against PSSA rules.PSSA Standard Rules.Should pass PSDSCDscExamplesPresent" time="0.0135" asserts="0" success="True" result="Success" executed="True" />
                  <test-case description="Should pass PSDSCDscTestsPresent" name="Testing against PSSA rules.PSSA Standard Rules.Should pass PSDSCDscTestsPresent" time="0.0138" asserts="0" success="True" result="Success" executed="True" />
                  <test-case description="Should pass PSDSCReturnCorrectTypesForDSCFunctions" name="Testing against PSSA rules.PSSA Standard Rules.Should pass PSDSCReturnCorrectTypesForDSCFunctions" time="0.0284" asserts="0" success="True" result="Success" executed="True" />
                  <test-case description="Should pass PSDSCUseIdenticalMandatoryParametersForDSC" name="Testing against PSSA rules.PSSA Standard Rules.Should pass PSDSCUseIdenticalMandatoryParametersForDSC" time="0.2069" asserts="0" success="True" result="Success" executed="True" />
                  <test-case description="Should pass PSDSCUseIdenticalParametersForDSC" name="Testing against PSSA rules.PSSA Standard Rules.Should pass PSDSCUseIdenticalParametersForDSC" time="0.1253" asserts="0" success="True" result="Success" executed="True" />
                  <test-case description="Should pass PSDSCStandardDSCFunctionsInResource" name="Testing against PSSA rules.PSSA Standard Rules.Should pass PSDSCStandardDSCFunctionsInResource" time="0.023" asserts="0" success="True" result="Success" executed="True" />
                  <test-case description="Should pass PSDSCUseVerboseMessageInDSCResource" name="Testing against PSSA rules.PSSA Standard Rules.Should pass PSDSCUseVerboseMessageInDSCResource" time="0.0208" asserts="0" success="True" result="Success" executed="True" />
                  <test-case description="Should pass PSAlignAssignmentStatement" name="Testing against PSSA rules.PSSA Standard Rules.Should pass PSAlignAssignmentStatement" time="4.9584" asserts="0" success="True" result="Success" executed="True" />
                  <test-case description="Should pass PSAvoidUsingCmdletAliases" name="Testing against PSSA rules.PSSA Standard Rules.Should pass PSAvoidUsingCmdletAliases" time="0.0423" asserts="0" success="True" result="Success" executed="True" />
                  <test-case description="Should pass PSAvoidAssignmentToAutomaticVariable" name="Testing against PSSA rules.PSSA Standard Rules.Should pass PSAvoidAssignmentToAutomaticVariable" time="0.0431" asserts="0" success="True" result="Success" executed="True" />
                  <test-case description="Should pass PSAvoidDefaultValueSwitchParameter" name="Testing against PSSA rules.PSSA Standard Rules.Should pass PSAvoidDefaultValueSwitchParameter" time="0.1566" asserts="0" success="True" result="Success" executed="True" />
                  <test-case description="Should pass PSAvoidDefaultValueForMandatoryParameter" name="Testing against PSSA rules.PSSA Standard Rules.Should pass PSAvoidDefaultValueForMandatoryParameter" time="0.016" asserts="0" success="True" result="Success" executed="True" />
                  <test-case description="Should pass PSAvoidUsingEmptyCatchBlock" name="Testing against PSSA rules.PSSA Standard Rules.Should pass PSAvoidUsingEmptyCatchBlock" time="0.0501" asserts="0" success="True" result="Success" executed="True" />
                  <test-case description="Should pass PSAvoidGlobalAliases" name="Testing against PSSA rules.PSSA Standard Rules.Should pass PSAvoidGlobalAliases" time="0.0888" asserts="0" success="True" result="Success" executed="True" />
                  <test-case description="Should pass PSAvoidGlobalFunctions" name="Testing against PSSA rules.PSSA Standard Rules.Should pass PSAvoidGlobalFunctions" time="0.0393" asserts="0" success="True" result="Success" executed="True" />
                  <test-case description="Should pass PSAvoidGlobalVars" name="Testing against PSSA rules.PSSA Standard Rules.Should pass PSAvoidGlobalVars" time="0.016" asserts="0" success="True" result="Success" executed="True" />
                  <test-case description="Should pass PSAvoidInvokingEmptyMembers" name="Testing against PSSA rules.PSSA Standard Rules.Should pass PSAvoidInvokingEmptyMembers" time="0.0154" asserts="0" success="True" result="Success" executed="True" />
                  <test-case description="Should pass PSAvoidNullOrEmptyHelpMessageAttribute" name="Testing against PSSA rules.PSSA Standard Rules.Should pass PSAvoidNullOrEmptyHelpMessageAttribute" time="0.0105" asserts="0" success="True" result="Success" executed="True" />
                  <test-case description="Should pass PSAvoidUsingPositionalParameters" name="Testing against PSSA rules.PSSA Standard Rules.Should pass PSAvoidUsingPositionalParameters" time="0.011" asserts="0" success="True" result="Success" executed="True" />
                  <test-case description="Should pass PSReservedCmdletChar" name="Testing against PSSA rules.PSSA Standard Rules.Should pass PSReservedCmdletChar" time="0.0103" asserts="0" success="True" result="Success" executed="True" />
                  <test-case description="Should pass PSReservedParams" name="Testing against PSSA rules.PSSA Standard Rules.Should pass PSReservedParams" time="0.0124" asserts="0" success="True" result="Success" executed="True" />
                  <test-case description="Should pass PSAvoidShouldContinueWithoutForce" name="Testing against PSSA rules.PSSA Standard Rules.Should pass PSAvoidShouldContinueWithoutForce" time="0.0125" asserts="0" success="True" result="Success" executed="True" />
                  <test-case description="Should pass PSAvoidTrailingWhitespace" name="Testing against PSSA rules.PSSA Standard Rules.Should pass PSAvoidTrailingWhitespace" time="0.0546" asserts="0" success="False" result="Failure" executed="True">
                    <failure>
                      <message>Expected 0, but got 3.</message>
                      <stack-trace>at &lt;ScriptBlock&gt;, C:\agent\_work\1\s\Tests\PSSA.tests.ps1: line 20
20:                         $failures.Count | Should Be 0</stack-trace>
                    </failure>
                  </test-case>
                  <test-case description="Should pass PSAvoidUsingUserNameAndPassWordParams" name="Testing against PSSA rules.PSSA Standard Rules.Should pass PSAvoidUsingUserNameAndPassWordParams" time="0.0335" asserts="0" success="True" result="Success" executed="True" />
                  <test-case description="Should pass PSAvoidUsingComputerNameHardcoded" name="Testing against PSSA rules.PSSA Standard Rules.Should pass PSAvoidUsingComputerNameHardcoded" time="0.0095" asserts="0" success="True" result="Success" executed="True" />
                  <test-case description="Should pass PSAvoidUsingConvertToSecureStringWithPlainText" name="Testing against PSSA rules.PSSA Standard Rules.Should pass PSAvoidUsingConvertToSecureStringWithPlainText" time="0.0101" asserts="0" success="True" result="Success" executed="True" />
                  <test-case description="Should pass PSAvoidUsingDeprecatedManifestFields" name="Testing against PSSA rules.PSSA Standard Rules.Should pass PSAvoidUsingDeprecatedManifestFields" time="0.0101" asserts="0" success="True" result="Success" executed="True" />
                  <test-case description="Should pass PSAvoidUsingInvokeExpression" name="Testing against PSSA rules.PSSA Standard Rules.Should pass PSAvoidUsingInvokeExpression" time="0.01" asserts="0" success="True" result="Success" executed="True" />
                  <test-case description="Should pass PSAvoidUsingPlainTextForPassword" name="Testing against PSSA rules.PSSA Standard Rules.Should pass PSAvoidUsingPlainTextForPassword" time="0.0113" asserts="0" success="True" result="Success" executed="True" />
                  <test-case description="Should pass PSAvoidUsingWMICmdlet" name="Testing against PSSA rules.PSSA Standard Rules.Should pass PSAvoidUsingWMICmdlet" time="0.0122" asserts="0" success="True" result="Success" executed="True" />
                  <test-case description="Should pass PSAvoidUsingWriteHost" name="Testing against PSSA rules.PSSA Standard Rules.Should pass PSAvoidUsingWriteHost" time="0.0133" asserts="0" success="True" result="Success" executed="True" />
                  <test-case description="Should pass PSMisleadingBacktick" name="Testing against PSSA rules.PSSA Standard Rules.Should pass PSMisleadingBacktick" time="0.0113" asserts="0" success="True" result="Success" executed="True" />
                  <test-case description="Should pass PSMissingModuleManifestField" name="Testing against PSSA rules.PSSA Standard Rules.Should pass PSMissingModuleManifestField" time="0.0115" asserts="0" success="True" result="Success" executed="True" />
                  <test-case description="Should pass PSPlaceCloseBrace" name="Testing against PSSA rules.PSSA Standard Rules.Should pass PSPlaceCloseBrace" time="0.0132" asserts="0" success="True" result="Success" executed="True" />
                  <test-case description="Should pass PSPlaceOpenBrace" name="Testing against PSSA rules.PSSA Standard Rules.Should pass PSPlaceOpenBrace" time="0.0113" asserts="0" success="True" result="Success" executed="True" />
                  <test-case description="Should pass PSPossibleIncorrectComparisonWithNull" name="Testing against PSSA rules.PSSA Standard Rules.Should pass PSPossibleIncorrectComparisonWithNull" time="0.0121" asserts="0" success="True" result="Success" executed="True" />
                  <test-case description="Should pass PSPossibleIncorrectUsageOfAssignmentOperator" name="Testing against PSSA rules.PSSA Standard Rules.Should pass PSPossibleIncorrectUsageOfAssignmentOperator" time="0.0103" asserts="0" success="True" result="Success" executed="True" />
                  <test-case description="Should pass PSPossibleIncorrectUsageOfRedirectionOperator" name="Testing against PSSA rules.PSSA Standard Rules.Should pass PSPossibleIncorrectUsageOfRedirectionOperator" time="0.0106" asserts="0" success="True" result="Success" executed="True" />
                  <test-case description="Should pass PSProvideCommentHelp" name="Testing against PSSA rules.PSSA Standard Rules.Should pass PSProvideCommentHelp" time="0.0102" asserts="0" success="True" result="Success" executed="True" />
                  <test-case description="Should pass PSUseApprovedVerbs" name="Testing against PSSA rules.PSSA Standard Rules.Should pass PSUseApprovedVerbs" time="0.0192" asserts="0" success="True" result="Success" executed="True" />
                  <test-case description="Should pass PSUseBOMForUnicodeEncodedFile" name="Testing against PSSA rules.PSSA Standard Rules.Should pass PSUseBOMForUnicodeEncodedFile" time="0.0108" asserts="0" success="True" result="Success" executed="True" />
                  <test-case description="Should pass PSUseCmdletCorrectly" name="Testing against PSSA rules.PSSA Standard Rules.Should pass PSUseCmdletCorrectly" time="0.015" asserts="0" success="True" result="Success" executed="True" />
                  <test-case description="Should pass PSUseCompatibleCmdlets" name="Testing against PSSA rules.PSSA Standard Rules.Should pass PSUseCompatibleCmdlets" time="0.0139" asserts="0" success="True" result="Success" executed="True" />
                  <test-case description="Should pass PSUseConsistentIndentation" name="Testing against PSSA rules.PSSA Standard Rules.Should pass PSUseConsistentIndentation" time="0.0088" asserts="0" success="True" result="Success" executed="True" />
                  <test-case description="Should pass PSUseConsistentWhitespace" name="Testing against PSSA rules.PSSA Standard Rules.Should pass PSUseConsistentWhitespace" time="0.015" asserts="0" success="True" result="Success" executed="True" />
                  <test-case description="Should pass PSUseDeclaredVarsMoreThanAssignments" name="Testing against PSSA rules.PSSA Standard Rules.Should pass PSUseDeclaredVarsMoreThanAssignments" time="0.0301" asserts="0" success="True" result="Success" executed="True" />
                  <test-case description="Should pass PSUseLiteralInitializerForHashtable" name="Testing against PSSA rules.PSSA Standard Rules.Should pass PSUseLiteralInitializerForHashtable" time="0.0119" asserts="0" success="True" result="Success" executed="True" />
                  <test-case description="Should pass PSUseOutputTypeCorrectly" name="Testing against PSSA rules.PSSA Standard Rules.Should pass PSUseOutputTypeCorrectly" time="0.0178" asserts="0" success="True" result="Success" executed="True" />
                  <test-case description="Should pass PSUsePSCredentialType" name="Testing against PSSA rules.PSSA Standard Rules.Should pass PSUsePSCredentialType" time="0.0138" asserts="0" success="True" result="Success" executed="True" />
                  <test-case description="Should pass PSShouldProcess" name="Testing against PSSA rules.PSSA Standard Rules.Should pass PSShouldProcess" time="0.0268" asserts="0" success="True" result="Success" executed="True" />
                  <test-case description="Should pass PSUseShouldProcessForStateChangingFunctions" name="Testing against PSSA rules.PSSA Standard Rules.Should pass PSUseShouldProcessForStateChangingFunctions" time="0.045" asserts="0" success="True" result="Success" executed="True" />
                  <test-case description="Should pass PSUseSingularNouns" name="Testing against PSSA rules.PSSA Standard Rules.Should pass PSUseSingularNouns" time="0.039" asserts="0" success="True" result="Success" executed="True" />
                  <test-case description="Should pass PSUseSupportsShouldProcess" name="Testing against PSSA rules.PSSA Standard Rules.Should pass PSUseSupportsShouldProcess" time="0.0421" asserts="0" success="True" result="Success" executed="True" />
                  <test-case description="Should pass PSUseToExportFieldsInManifest" name="Testing against PSSA rules.PSSA Standard Rules.Should pass PSUseToExportFieldsInManifest" time="0.0115" asserts="0" success="True" result="Success" executed="True" />
                  <test-case description="Should pass PSUseUTF8EncodingForHelpFile" name="Testing against PSSA rules.PSSA Standard Rules.Should pass PSUseUTF8EncodingForHelpFile" time="0.0126" asserts="0" success="True" result="Success" executed="True" />
                  <test-case description="Should pass PSDSCDscExamplesPresent" name="Testing against PSSA rules.PSSA Standard Rules.Should pass PSDSCDscExamplesPresent" time="0.0395" asserts="0" success="True" result="Success" executed="True" />
                  <test-case description="Should pass PSDSCDscTestsPresent" name="Testing against PSSA rules.PSSA Standard Rules.Should pass PSDSCDscTestsPresent" time="0.0096" asserts="0" success="True" result="Success" executed="True" />
                  <test-case description="Should pass PSDSCReturnCorrectTypesForDSCFunctions" name="Testing against PSSA rules.PSSA Standard Rules.Should pass PSDSCReturnCorrectTypesForDSCFunctions" time="0.0101" asserts="0" success="True" result="Success" executed="True" />
                  <test-case description="Should pass PSDSCUseIdenticalMandatoryParametersForDSC" name="Testing against PSSA rules.PSSA Standard Rules.Should pass PSDSCUseIdenticalMandatoryParametersForDSC" time="0.0111" asserts="0" success="True" result="Success" executed="True" />
                  <test-case description="Should pass PSDSCUseIdenticalParametersForDSC" name="Testing against PSSA rules.PSSA Standard Rules.Should pass PSDSCUseIdenticalParametersForDSC" time="0.01" asserts="0" success="True" result="Success" executed="True" />
                  <test-case description="Should pass PSDSCStandardDSCFunctionsInResource" name="Testing against PSSA rules.PSSA Standard Rules.Should pass PSDSCStandardDSCFunctionsInResource" time="0.0154" asserts="0" success="True" result="Success" executed="True" />
                  <test-case description="Should pass PSDSCUseVerboseMessageInDSCResource" name="Testing against PSSA rules.PSSA Standard Rules.Should pass PSDSCUseVerboseMessageInDSCResource" time="0.0096" asserts="0" success="True" result="Success" executed="True" />
                  <test-case description="Should pass PSAlignAssignmentStatement" name="Testing against PSSA rules.PSSA Standard Rules.Should pass PSAlignAssignmentStatement" time="0.1423" asserts="0" success="True" result="Success" executed="True" />
                  <test-case description="Should pass PSAvoidUsingCmdletAliases" name="Testing against PSSA rules.PSSA Standard Rules.Should pass PSAvoidUsingCmdletAliases" time="0.0345" asserts="0" success="True" result="Success" executed="True" />
                  <test-case description="Should pass PSAvoidAssignmentToAutomaticVariable" name="Testing against PSSA rules.PSSA Standard Rules.Should pass PSAvoidAssignmentToAutomaticVariable" time="0.0417" asserts="0" success="True" result="Success" executed="True" />
                  <test-case description="Should pass PSAvoidDefaultValueSwitchParameter" name="Testing against PSSA rules.PSSA Standard Rules.Should pass PSAvoidDefaultValueSwitchParameter" time="0.021" asserts="0" success="True" result="Success" executed="True" />
                  <test-case description="Should pass PSAvoidDefaultValueForMandatoryParameter" name="Testing against PSSA rules.PSSA Standard Rules.Should pass PSAvoidDefaultValueForMandatoryParameter" time="0.0158" asserts="0" success="True" result="Success" executed="True" />
                  <test-case description="Should pass PSAvoidUsingEmptyCatchBlock" name="Testing against PSSA rules.PSSA Standard Rules.Should pass PSAvoidUsingEmptyCatchBlock" time="0.014" asserts="0" success="True" result="Success" executed="True" />
                  <test-case description="Should pass PSAvoidGlobalAliases" name="Testing against PSSA rules.PSSA Standard Rules.Should pass PSAvoidGlobalAliases" time="0.0096" asserts="0" success="True" result="Success" executed="True" />
                  <test-case description="Should pass PSAvoidGlobalFunctions" name="Testing against PSSA rules.PSSA Standard Rules.Should pass PSAvoidGlobalFunctions" time="0.0112" asserts="0" success="True" result="Success" executed="True" />
                  <test-case description="Should pass PSAvoidGlobalVars" name="Testing against PSSA rules.PSSA Standard Rules.Should pass PSAvoidGlobalVars" time="0.0094" asserts="0" success="True" result="Success" executed="True" />
                  <test-case description="Should pass PSAvoidInvokingEmptyMembers" name="Testing against PSSA rules.PSSA Standard Rules.Should pass PSAvoidInvokingEmptyMembers" time="0.0095" asserts="0" success="True" result="Success" executed="True" />
                  <test-case description="Should pass PSAvoidNullOrEmptyHelpMessageAttribute" name="Testing against PSSA rules.PSSA Standard Rules.Should pass PSAvoidNullOrEmptyHelpMessageAttribute" time="0.0159" asserts="0" success="True" result="Success" executed="True" />
                  <test-case description="Should pass PSAvoidUsingPositionalParameters" name="Testing against PSSA rules.PSSA Standard Rules.Should pass PSAvoidUsingPositionalParameters" time="0.0202" asserts="0" success="True" result="Success" executed="True" />
                  <test-case description="Should pass PSReservedCmdletChar" name="Testing against PSSA rules.PSSA Standard Rules.Should pass PSReservedCmdletChar" time="0.0105" asserts="0" success="True" result="Success" executed="True" />
                  <test-case description="Should pass PSReservedParams" name="Testing against PSSA rules.PSSA Standard Rules.Should pass PSReservedParams" time="0.0244" asserts="0" success="True" result="Success" executed="True" />
                  <test-case description="Should pass PSAvoidShouldContinueWithoutForce" name="Testing against PSSA rules.PSSA Standard Rules.Should pass PSAvoidShouldContinueWithoutForce" time="0.0101" asserts="0" success="True" result="Success" executed="True" />
                  <test-case description="Should pass PSAvoidTrailingWhitespace" name="Testing against PSSA rules.PSSA Standard Rules.Should pass PSAvoidTrailingWhitespace" time="0.01" asserts="0" success="True" result="Success" executed="True" />
                  <test-case description="Should pass PSAvoidUsingUserNameAndPassWordParams" name="Testing against PSSA rules.PSSA Standard Rules.Should pass PSAvoidUsingUserNameAndPassWordParams" time="0.0183" asserts="0" success="True" result="Success" executed="True" />
                  <test-case description="Should pass PSAvoidUsingComputerNameHardcoded" name="Testing against PSSA rules.PSSA Standard Rules.Should pass PSAvoidUsingComputerNameHardcoded" time="0.0188" asserts="0" success="True" result="Success" executed="True" />
                  <test-case description="Should pass PSAvoidUsingConvertToSecureStringWithPlainText" name="Testing against PSSA rules.PSSA Standard Rules.Should pass PSAvoidUsingConvertToSecureStringWithPlainText" time="0.0107" asserts="0" success="True" result="Success" executed="True" />
                  <test-case description="Should pass PSAvoidUsingDeprecatedManifestFields" name="Testing against PSSA rules.PSSA Standard Rules.Should pass PSAvoidUsingDeprecatedManifestFields" time="0.0108" asserts="0" success="True" result="Success" executed="True" />
                  <test-case description="Should pass PSAvoidUsingInvokeExpression" name="Testing against PSSA rules.PSSA Standard Rules.Should pass PSAvoidUsingInvokeExpression" time="0.0101" asserts="0" success="True" result="Success" executed="True" />
                  <test-case description="Should pass PSAvoidUsingPlainTextForPassword" name="Testing against PSSA rules.PSSA Standard Rules.Should pass PSAvoidUsingPlainTextForPassword" time="0.0173" asserts="0" success="True" result="Success" executed="True" />
                  <test-case description="Should pass PSAvoidUsingWMICmdlet" name="Testing against PSSA rules.PSSA Standard Rules.Should pass PSAvoidUsingWMICmdlet" time="0.0136" asserts="0" success="True" result="Success" executed="True" />
                  <test-case description="Should pass PSAvoidUsingWriteHost" name="Testing against PSSA rules.PSSA Standard Rules.Should pass PSAvoidUsingWriteHost" time="0.2545" asserts="0" success="False" result="Failure" executed="True">
                    <failure>
                      <message>Expected 0, but got 18.</message>
                      <stack-trace>at &lt;ScriptBlock&gt;, C:\agent\_work\1\s\Tests\PSSA.tests.ps1: line 20
20:                         $failures.Count | Should Be 0</stack-trace>
                    </failure>
                  </test-case>
                  <test-case description="Should pass PSMisleadingBacktick" name="Testing against PSSA rules.PSSA Standard Rules.Should pass PSMisleadingBacktick" time="0.0344" asserts="0" success="True" result="Success" executed="True" />
                  <test-case description="Should pass PSMissingModuleManifestField" name="Testing against PSSA rules.PSSA Standard Rules.Should pass PSMissingModuleManifestField" time="0.0239" asserts="0" success="True" result="Success" executed="True" />
                  <test-case description="Should pass PSPlaceCloseBrace" name="Testing against PSSA rules.PSSA Standard Rules.Should pass PSPlaceCloseBrace" time="0.0111" asserts="0" success="True" result="Success" executed="True" />
                  <test-case description="Should pass PSPlaceOpenBrace" name="Testing against PSSA rules.PSSA Standard Rules.Should pass PSPlaceOpenBrace" time="0.042" asserts="0" success="True" result="Success" executed="True" />
                  <test-case description="Should pass PSPossibleIncorrectComparisonWithNull" name="Testing against PSSA rules.PSSA Standard Rules.Should pass PSPossibleIncorrectComparisonWithNull" time="0.0141" asserts="0" success="True" result="Success" executed="True" />
                  <test-case description="Should pass PSPossibleIncorrectUsageOfAssignmentOperator" name="Testing against PSSA rules.PSSA Standard Rules.Should pass PSPossibleIncorrectUsageOfAssignmentOperator" time="0.0105" asserts="0" success="True" result="Success" executed="True" />
                  <test-case description="Should pass PSPossibleIncorrectUsageOfRedirectionOperator" name="Testing against PSSA rules.PSSA Standard Rules.Should pass PSPossibleIncorrectUsageOfRedirectionOperator" time="0.0104" asserts="0" success="True" result="Success" executed="True" />
                  <test-case description="Should pass PSProvideCommentHelp" name="Testing against PSSA rules.PSSA Standard Rules.Should pass PSProvideCommentHelp" time="0.0106" asserts="0" success="True" result="Success" executed="True" />
                  <test-case description="Should pass PSUseApprovedVerbs" name="Testing against PSSA rules.PSSA Standard Rules.Should pass PSUseApprovedVerbs" time="0.0108" asserts="0" success="True" result="Success" executed="True" />
                  <test-case description="Should pass PSUseBOMForUnicodeEncodedFile" name="Testing against PSSA rules.PSSA Standard Rules.Should pass PSUseBOMForUnicodeEncodedFile" time="0.143" asserts="0" success="True" result="Success" executed="True" />
                  <test-case description="Should pass PSUseCmdletCorrectly" name="Testing against PSSA rules.PSSA Standard Rules.Should pass PSUseCmdletCorrectly" time="0.0108" asserts="0" success="True" result="Success" executed="True" />
                  <test-case description="Should pass PSUseCompatibleCmdlets" name="Testing against PSSA rules.PSSA Standard Rules.Should pass PSUseCompatibleCmdlets" time="0.016" asserts="0" success="True" result="Success" executed="True" />
                  <test-case description="Should pass PSUseConsistentIndentation" name="Testing against PSSA rules.PSSA Standard Rules.Should pass PSUseConsistentIndentation" time="0.015" asserts="0" success="True" result="Success" executed="True" />
                  <test-case description="Should pass PSUseConsistentWhitespace" name="Testing against PSSA rules.PSSA Standard Rules.Should pass PSUseConsistentWhitespace" time="0.0124" asserts="0" success="True" result="Success" executed="True" />
                  <test-case description="Should pass PSUseDeclaredVarsMoreThanAssignments" name="Testing against PSSA rules.PSSA Standard Rules.Should pass PSUseDeclaredVarsMoreThanAssignments" time="0.016" asserts="0" success="True" result="Success" executed="True" />
                  <test-case description="Should pass PSUseLiteralInitializerForHashtable" name="Testing against PSSA rules.PSSA Standard Rules.Should pass PSUseLiteralInitializerForHashtable" time="0.0116" asserts="0" success="True" result="Success" executed="True" />
                  <test-case description="Should pass PSUseOutputTypeCorrectly" name="Testing against PSSA rules.PSSA Standard Rules.Should pass PSUseOutputTypeCorrectly" time="0.0225" asserts="0" success="True" result="Success" executed="True" />
                  <test-case description="Should pass PSUsePSCredentialType" name="Testing against PSSA rules.PSSA Standard Rules.Should pass PSUsePSCredentialType" time="0.041" asserts="0" success="True" result="Success" executed="True" />
                  <test-case description="Should pass PSShouldProcess" name="Testing against PSSA rules.PSSA Standard Rules.Should pass PSShouldProcess" time="0.0129" asserts="0" success="True" result="Success" executed="True" />
                  <test-case description="Should pass PSUseShouldProcessForStateChangingFunctions" name="Testing against PSSA rules.PSSA Standard Rules.Should pass PSUseShouldProcessForStateChangingFunctions" time="0.0132" asserts="0" success="True" result="Success" executed="True" />
                  <test-case description="Should pass PSUseSingularNouns" name="Testing against PSSA rules.PSSA Standard Rules.Should pass PSUseSingularNouns" time="0.0114" asserts="0" success="True" result="Success" executed="True" />
                  <test-case description="Should pass PSUseSupportsShouldProcess" name="Testing against PSSA rules.PSSA Standard Rules.Should pass PSUseSupportsShouldProcess" time="0.0112" asserts="0" success="True" result="Success" executed="True" />
                  <test-case description="Should pass PSUseToExportFieldsInManifest" name="Testing against PSSA rules.PSSA Standard Rules.Should pass PSUseToExportFieldsInManifest" time="0.0109" asserts="0" success="True" result="Success" executed="True" />
                  <test-case description="Should pass PSUseUTF8EncodingForHelpFile" name="Testing against PSSA rules.PSSA Standard Rules.Should pass PSUseUTF8EncodingForHelpFile" time="0.0107" asserts="0" success="True" result="Success" executed="True" />
                  <test-case description="Should pass PSDSCDscExamplesPresent" name="Testing against PSSA rules.PSSA Standard Rules.Should pass PSDSCDscExamplesPresent" time="0.0125" asserts="0" success="True" result="Success" executed="True" />
                  <test-case description="Should pass PSDSCDscTestsPresent" name="Testing against PSSA rules.PSSA Standard Rules.Should pass PSDSCDscTestsPresent" time="0.0114" asserts="0" success="True" result="Success" executed="True" />
                  <test-case description="Should pass PSDSCReturnCorrectTypesForDSCFunctions" name="Testing against PSSA rules.PSSA Standard Rules.Should pass PSDSCReturnCorrectTypesForDSCFunctions" time="0.0113" asserts="0" success="True" result="Success" executed="True" />
                  <test-case description="Should pass PSDSCUseIdenticalMandatoryParametersForDSC" name="Testing against PSSA rules.PSSA Standard Rules.Should pass PSDSCUseIdenticalMandatoryParametersForDSC" time="0.0117" asserts="0" success="True" result="Success" executed="True" />
                  <test-case description="Should pass PSDSCUseIdenticalParametersForDSC" name="Testing against PSSA rules.PSSA Standard Rules.Should pass PSDSCUseIdenticalParametersForDSC" time="0.0112" asserts="0" success="True" result="Success" executed="True" />
                  <test-case description="Should pass PSDSCStandardDSCFunctionsInResource" name="Testing against PSSA rules.PSSA Standard Rules.Should pass PSDSCStandardDSCFunctionsInResource" time="0.0107" asserts="0" success="True" result="Success" executed="True" />
                  <test-case description="Should pass PSDSCUseVerboseMessageInDSCResource" name="Testing against PSSA rules.PSSA Standard Rules.Should pass PSDSCUseVerboseMessageInDSCResource" time="0.0121" asserts="0" success="True" result="Success" executed="True" />
                  <test-case description="Should pass PSAlignAssignmentStatement" name="Testing against PSSA rules.PSSA Standard Rules.Should pass PSAlignAssignmentStatement" time="0.8002" asserts="0" success="True" result="Success" executed="True" />
                  <test-case description="Should pass PSAvoidUsingCmdletAliases" name="Testing against PSSA rules.PSSA Standard Rules.Should pass PSAvoidUsingCmdletAliases" time="0.0326" asserts="0" success="True" result="Success" executed="True" />
                  <test-case description="Should pass PSAvoidAssignmentToAutomaticVariable" name="Testing against PSSA rules.PSSA Standard Rules.Should pass PSAvoidAssignmentToAutomaticVariable" time="0.016" asserts="0" success="True" result="Success" executed="True" />
                  <test-case description="Should pass PSAvoidDefaultValueSwitchParameter" name="Testing against PSSA rules.PSSA Standard Rules.Should pass PSAvoidDefaultValueSwitchParameter" time="0.0196" asserts="0" success="True" result="Success" executed="True" />
                  <test-case description="Should pass PSAvoidDefaultValueForMandatoryParameter" name="Testing against PSSA rules.PSSA Standard Rules.Should pass PSAvoidDefaultValueForMandatoryParameter" time="0.0171" asserts="0" success="True" result="Success" executed="True" />
                  <test-case description="Should pass PSAvoidUsingEmptyCatchBlock" name="Testing against PSSA rules.PSSA Standard Rules.Should pass PSAvoidUsingEmptyCatchBlock" time="0.0241" asserts="0" success="True" result="Success" executed="True" />
                  <test-case description="Should pass PSAvoidGlobalAliases" name="Testing against PSSA rules.PSSA Standard Rules.Should pass PSAvoidGlobalAliases" time="0.0329" asserts="0" success="True" result="Success" executed="True" />
                  <test-case description="Should pass PSAvoidGlobalFunctions" name="Testing against PSSA rules.PSSA Standard Rules.Should pass PSAvoidGlobalFunctions" time="0.036" asserts="0" success="True" result="Success" executed="True" />
                  <test-case description="Should pass PSAvoidGlobalVars" name="Testing against PSSA rules.PSSA Standard Rules.Should pass PSAvoidGlobalVars" time="0.0246" asserts="0" success="True" result="Success" executed="True" />
                  <test-case description="Should pass PSAvoidInvokingEmptyMembers" name="Testing against PSSA rules.PSSA Standard Rules.Should pass PSAvoidInvokingEmptyMembers" time="0.021" asserts="0" success="True" result="Success" executed="True" />
                  <test-case description="Should pass PSAvoidNullOrEmptyHelpMessageAttribute" name="Testing against PSSA rules.PSSA Standard Rules.Should pass PSAvoidNullOrEmptyHelpMessageAttribute" time="0.0118" asserts="0" success="True" result="Success" executed="True" />
                  <test-case description="Should pass PSAvoidUsingPositionalParameters" name="Testing against PSSA rules.PSSA Standard Rules.Should pass PSAvoidUsingPositionalParameters" time="0.0108" asserts="0" success="True" result="Success" executed="True" />
                  <test-case description="Should pass PSReservedCmdletChar" name="Testing against PSSA rules.PSSA Standard Rules.Should pass PSReservedCmdletChar" time="0.0105" asserts="0" success="True" result="Success" executed="True" />
                  <test-case description="Should pass PSReservedParams" name="Testing against PSSA rules.PSSA Standard Rules.Should pass PSReservedParams" time="0.0145" asserts="0" success="True" result="Success" executed="True" />
                  <test-case description="Should pass PSAvoidShouldContinueWithoutForce" name="Testing against PSSA rules.PSSA Standard Rules.Should pass PSAvoidShouldContinueWithoutForce" time="0.0112" asserts="0" success="True" result="Success" executed="True" />
                  <test-case description="Should pass PSAvoidTrailingWhitespace" name="Testing against PSSA rules.PSSA Standard Rules.Should pass PSAvoidTrailingWhitespace" time="0.0404" asserts="0" success="False" result="Failure" executed="True">
                    <failure>
                      <message>Expected 0, but got 1.</message>
                      <stack-trace>at &lt;ScriptBlock&gt;, C:\agent\_work\1\s\Tests\PSSA.tests.ps1: line 20
20:                         $failures.Count | Should Be 0</stack-trace>
                    </failure>
                  </test-case>
                  <test-case description="Should pass PSAvoidUsingUserNameAndPassWordParams" name="Testing against PSSA rules.PSSA Standard Rules.Should pass PSAvoidUsingUserNameAndPassWordParams" time="0.0612" asserts="0" success="True" result="Success" executed="True" />
                  <test-case description="Should pass PSAvoidUsingComputerNameHardcoded" name="Testing against PSSA rules.PSSA Standard Rules.Should pass PSAvoidUsingComputerNameHardcoded" time="0.0105" asserts="0" success="True" result="Success" executed="True" />
                  <test-case description="Should pass PSAvoidUsingConvertToSecureStringWithPlainText" name="Testing against PSSA rules.PSSA Standard Rules.Should pass PSAvoidUsingConvertToSecureStringWithPlainText" time="0.0108" asserts="0" success="True" result="Success" executed="True" />
                  <test-case description="Should pass PSAvoidUsingDeprecatedManifestFields" name="Testing against PSSA rules.PSSA Standard Rules.Should pass PSAvoidUsingDeprecatedManifestFields" time="0.0116" asserts="0" success="True" result="Success" executed="True" />
                  <test-case description="Should pass PSAvoidUsingInvokeExpression" name="Testing against PSSA rules.PSSA Standard Rules.Should pass PSAvoidUsingInvokeExpression" time="0.0173" asserts="0" success="True" result="Success" executed="True" />
                  <test-case description="Should pass PSAvoidUsingPlainTextForPassword" name="Testing against PSSA rules.PSSA Standard Rules.Should pass PSAvoidUsingPlainTextForPassword" time="0.0252" asserts="0" success="True" result="Success" executed="True" />
                  <test-case description="Should pass PSAvoidUsingWMICmdlet" name="Testing against PSSA rules.PSSA Standard Rules.Should pass PSAvoidUsingWMICmdlet" time="0.0248" asserts="0" success="True" result="Success" executed="True" />
                  <test-case description="Should pass PSAvoidUsingWriteHost" name="Testing against PSSA rules.PSSA Standard Rules.Should pass PSAvoidUsingWriteHost" time="0.0246" asserts="0" success="True" result="Success" executed="True" />
                  <test-case description="Should pass PSMisleadingBacktick" name="Testing against PSSA rules.PSSA Standard Rules.Should pass PSMisleadingBacktick" time="0.0293" asserts="0" success="True" result="Success" executed="True" />
                  <test-case description="Should pass PSMissingModuleManifestField" name="Testing against PSSA rules.PSSA Standard Rules.Should pass PSMissingModuleManifestField" time="0.0109" asserts="0" success="True" result="Success" executed="True" />
                  <test-case description="Should pass PSPlaceCloseBrace" name="Testing against PSSA rules.PSSA Standard Rules.Should pass PSPlaceCloseBrace" time="0.0098" asserts="0" success="True" result="Success" executed="True" />
                  <test-case description="Should pass PSPlaceOpenBrace" name="Testing against PSSA rules.PSSA Standard Rules.Should pass PSPlaceOpenBrace" time="0.0122" asserts="0" success="True" result="Success" executed="True" />
                  <test-case description="Should pass PSPossibleIncorrectComparisonWithNull" name="Testing against PSSA rules.PSSA Standard Rules.Should pass PSPossibleIncorrectComparisonWithNull" time="0.0114" asserts="0" success="True" result="Success" executed="True" />
                  <test-case description="Should pass PSPossibleIncorrectUsageOfAssignmentOperator" name="Testing against PSSA rules.PSSA Standard Rules.Should pass PSPossibleIncorrectUsageOfAssignmentOperator" time="0.0104" asserts="0" success="True" result="Success" executed="True" />
                  <test-case description="Should pass PSPossibleIncorrectUsageOfRedirectionOperator" name="Testing against PSSA rules.PSSA Standard Rules.Should pass PSPossibleIncorrectUsageOfRedirectionOperator" time="0.0105" asserts="0" success="True" result="Success" executed="True" />
                  <test-case description="Should pass PSProvideCommentHelp" name="Testing against PSSA rules.PSSA Standard Rules.Should pass PSProvideCommentHelp" time="0.0107" asserts="0" success="True" result="Success" executed="True" />
                  <test-case description="Should pass PSUseApprovedVerbs" name="Testing against PSSA rules.PSSA Standard Rules.Should pass PSUseApprovedVerbs" time="0.013" asserts="0" success="True" result="Success" executed="True" />
                  <test-case description="Should pass PSUseBOMForUnicodeEncodedFile" name="Testing against PSSA rules.PSSA Standard Rules.Should pass PSUseBOMForUnicodeEncodedFile" time="0.0102" asserts="0" success="True" result="Success" executed="True" />
                  <test-case description="Should pass PSUseCmdletCorrectly" name="Testing against PSSA rules.PSSA Standard Rules.Should pass PSUseCmdletCorrectly" time="0.0102" asserts="0" success="True" result="Success" executed="True" />
                  <test-case description="Should pass PSUseCompatibleCmdlets" name="Testing against PSSA rules.PSSA Standard Rules.Should pass PSUseCompatibleCmdlets" time="0.0107" asserts="0" success="True" result="Success" executed="True" />
                  <test-case description="Should pass PSUseConsistentIndentation" name="Testing against PSSA rules.PSSA Standard Rules.Should pass PSUseConsistentIndentation" time="0.0108" asserts="0" success="True" result="Success" executed="True" />
                  <test-case description="Should pass PSUseConsistentWhitespace" name="Testing against PSSA rules.PSSA Standard Rules.Should pass PSUseConsistentWhitespace" time="0.0148" asserts="0" success="True" result="Success" executed="True" />
                  <test-case description="Should pass PSUseDeclaredVarsMoreThanAssignments" name="Testing against PSSA rules.PSSA Standard Rules.Should pass PSUseDeclaredVarsMoreThanAssignments" time="0.0107" asserts="0" success="True" result="Success" executed="True" />
                  <test-case description="Should pass PSUseLiteralInitializerForHashtable" name="Testing against PSSA rules.PSSA Standard Rules.Should pass PSUseLiteralInitializerForHashtable" time="0.01" asserts="0" success="True" result="Success" executed="True" />
                  <test-case description="Should pass PSUseOutputTypeCorrectly" name="Testing against PSSA rules.PSSA Standard Rules.Should pass PSUseOutputTypeCorrectly" time="0.01" asserts="0" success="True" result="Success" executed="True" />
                  <test-case description="Should pass PSUsePSCredentialType" name="Testing against PSSA rules.PSSA Standard Rules.Should pass PSUsePSCredentialType" time="0.0104" asserts="0" success="True" result="Success" executed="True" />
                  <test-case description="Should pass PSShouldProcess" name="Testing against PSSA rules.PSSA Standard Rules.Should pass PSShouldProcess" time="0.0131" asserts="0" success="True" result="Success" executed="True" />
                  <test-case description="Should pass PSUseShouldProcessForStateChangingFunctions" name="Testing against PSSA rules.PSSA Standard Rules.Should pass PSUseShouldProcessForStateChangingFunctions" time="0.015" asserts="0" success="True" result="Success" executed="True" />
                  <test-case description="Should pass PSUseSingularNouns" name="Testing against PSSA rules.PSSA Standard Rules.Should pass PSUseSingularNouns" time="0.0143" asserts="0" success="True" result="Success" executed="True" />
                  <test-case description="Should pass PSUseSupportsShouldProcess" name="Testing against PSSA rules.PSSA Standard Rules.Should pass PSUseSupportsShouldProcess" time="0.0102" asserts="0" success="True" result="Success" executed="True" />
                  <test-case description="Should pass PSUseToExportFieldsInManifest" name="Testing against PSSA rules.PSSA Standard Rules.Should pass PSUseToExportFieldsInManifest" time="0.0103" asserts="0" success="True" result="Success" executed="True" />
                  <test-case description="Should pass PSUseUTF8EncodingForHelpFile" name="Testing against PSSA rules.PSSA Standard Rules.Should pass PSUseUTF8EncodingForHelpFile" time="0.0106" asserts="0" success="True" result="Success" executed="True" />
                  <test-case description="Should pass PSDSCDscExamplesPresent" name="Testing against PSSA rules.PSSA Standard Rules.Should pass PSDSCDscExamplesPresent" time="0.0132" asserts="0" success="True" result="Success" executed="True" />
                  <test-case description="Should pass PSDSCDscTestsPresent" name="Testing against PSSA rules.PSSA Standard Rules.Should pass PSDSCDscTestsPresent" time="0.0097" asserts="0" success="True" result="Success" executed="True" />
                  <test-case description="Should pass PSDSCReturnCorrectTypesForDSCFunctions" name="Testing against PSSA rules.PSSA Standard Rules.Should pass PSDSCReturnCorrectTypesForDSCFunctions" time="0.0101" asserts="0" success="True" result="Success" executed="True" />
                  <test-case description="Should pass PSDSCUseIdenticalMandatoryParametersForDSC" name="Testing against PSSA rules.PSSA Standard Rules.Should pass PSDSCUseIdenticalMandatoryParametersForDSC" time="0.0098" asserts="0" success="True" result="Success" executed="True" />
                  <test-case description="Should pass PSDSCUseIdenticalParametersForDSC" name="Testing against PSSA rules.PSSA Standard Rules.Should pass PSDSCUseIdenticalParametersForDSC" time="0.0104" asserts="0" success="True" result="Success" executed="True" />
                  <test-case description="Should pass PSDSCStandardDSCFunctionsInResource" name="Testing against PSSA rules.PSSA Standard Rules.Should pass PSDSCStandardDSCFunctionsInResource" time="0.0133" asserts="0" success="True" result="Success" executed="True" />
                  <test-case description="Should pass PSDSCUseVerboseMessageInDSCResource" name="Testing against PSSA rules.PSSA Standard Rules.Should pass PSDSCUseVerboseMessageInDSCResource" time="0.0117" asserts="0" success="True" result="Success" executed="True" />
                  <test-case description="Should pass PSAlignAssignmentStatement" name="Testing against PSSA rules.PSSA Standard Rules.Should pass PSAlignAssignmentStatement" time="0.1401" asserts="0" success="True" result="Success" executed="True" />
                  <test-case description="Should pass PSAvoidUsingCmdletAliases" name="Testing against PSSA rules.PSSA Standard Rules.Should pass PSAvoidUsingCmdletAliases" time="0.0114" asserts="0" success="True" result="Success" executed="True" />
                  <test-case description="Should pass PSAvoidAssignmentToAutomaticVariable" name="Testing against PSSA rules.PSSA Standard Rules.Should pass PSAvoidAssignmentToAutomaticVariable" time="0.0213" asserts="0" success="True" result="Success" executed="True" />
                  <test-case description="Should pass PSAvoidDefaultValueSwitchParameter" name="Testing against PSSA rules.PSSA Standard Rules.Should pass PSAvoidDefaultValueSwitchParameter" time="0.0113" asserts="0" success="True" result="Success" executed="True" />
                  <test-case description="Should pass PSAvoidDefaultValueForMandatoryParameter" name="Testing against PSSA rules.PSSA Standard Rules.Should pass PSAvoidDefaultValueForMandatoryParameter" time="0.0106" asserts="0" success="True" result="Success" executed="True" />
                  <test-case description="Should pass PSAvoidUsingEmptyCatchBlock" name="Testing against PSSA rules.PSSA Standard Rules.Should pass PSAvoidUsingEmptyCatchBlock" time="0.0103" asserts="0" success="True" result="Success" executed="True" />
                  <test-case description="Should pass PSAvoidGlobalAliases" name="Testing against PSSA rules.PSSA Standard Rules.Should pass PSAvoidGlobalAliases" time="0.0106" asserts="0" success="True" result="Success" executed="True" />
                  <test-case description="Should pass PSAvoidGlobalFunctions" name="Testing against PSSA rules.PSSA Standard Rules.Should pass PSAvoidGlobalFunctions" time="0.0156" asserts="0" success="True" result="Success" executed="True" />
                  <test-case description="Should pass PSAvoidGlobalVars" name="Testing against PSSA rules.PSSA Standard Rules.Should pass PSAvoidGlobalVars" time="0.0109" asserts="0" success="True" result="Success" executed="True" />
                  <test-case description="Should pass PSAvoidInvokingEmptyMembers" name="Testing against PSSA rules.PSSA Standard Rules.Should pass PSAvoidInvokingEmptyMembers" time="0.0114" asserts="0" success="True" result="Success" executed="True" />
                  <test-case description="Should pass PSAvoidNullOrEmptyHelpMessageAttribute" name="Testing against PSSA rules.PSSA Standard Rules.Should pass PSAvoidNullOrEmptyHelpMessageAttribute" time="0.0107" asserts="0" success="True" result="Success" executed="True" />
                  <test-case description="Should pass PSAvoidUsingPositionalParameters" name="Testing against PSSA rules.PSSA Standard Rules.Should pass PSAvoidUsingPositionalParameters" time="0.0188" asserts="0" success="True" result="Success" executed="True" />
                  <test-case description="Should pass PSReservedCmdletChar" name="Testing against PSSA rules.PSSA Standard Rules.Should pass PSReservedCmdletChar" time="0.0177" asserts="0" success="True" result="Success" executed="True" />
                  <test-case description="Should pass PSReservedParams" name="Testing against PSSA rules.PSSA Standard Rules.Should pass PSReservedParams" time="0.0187" asserts="0" success="True" result="Success" executed="True" />
                  <test-case description="Should pass PSAvoidShouldContinueWithoutForce" name="Testing against PSSA rules.PSSA Standard Rules.Should pass PSAvoidShouldContinueWithoutForce" time="0.0128" asserts="0" success="True" result="Success" executed="True" />
                  <test-case description="Should pass PSAvoidTrailingWhitespace" name="Testing against PSSA rules.PSSA Standard Rules.Should pass PSAvoidTrailingWhitespace" time="0.0636" asserts="0" success="False" result="Failure" executed="True">
                    <failure>
                      <message>Expected 0, but got 1.</message>
                      <stack-trace>at &lt;ScriptBlock&gt;, C:\agent\_work\1\s\Tests\PSSA.tests.ps1: line 20
20:                         $failures.Count | Should Be 0</stack-trace>
                    </failure>
                  </test-case>
                  <test-case description="Should pass PSAvoidUsingUserNameAndPassWordParams" name="Testing against PSSA rules.PSSA Standard Rules.Should pass PSAvoidUsingUserNameAndPassWordParams" time="0.0231" asserts="0" success="True" result="Success" executed="True" />
                  <test-case description="Should pass PSAvoidUsingComputerNameHardcoded" name="Testing against PSSA rules.PSSA Standard Rules.Should pass PSAvoidUsingComputerNameHardcoded" time="0.0122" asserts="0" success="True" result="Success" executed="True" />
                  <test-case description="Should pass PSAvoidUsingConvertToSecureStringWithPlainText" name="Testing against PSSA rules.PSSA Standard Rules.Should pass PSAvoidUsingConvertToSecureStringWithPlainText" time="0.0104" asserts="0" success="True" result="Success" executed="True" />
                  <test-case description="Should pass PSAvoidUsingDeprecatedManifestFields" name="Testing against PSSA rules.PSSA Standard Rules.Should pass PSAvoidUsingDeprecatedManifestFields" time="0.0103" asserts="0" success="True" result="Success" executed="True" />
                  <test-case description="Should pass PSAvoidUsingInvokeExpression" name="Testing against PSSA rules.PSSA Standard Rules.Should pass PSAvoidUsingInvokeExpression" time="0.0103" asserts="0" success="True" result="Success" executed="True" />
                  <test-case description="Should pass PSAvoidUsingPlainTextForPassword" name="Testing against PSSA rules.PSSA Standard Rules.Should pass PSAvoidUsingPlainTextForPassword" time="0.0122" asserts="0" success="True" result="Success" executed="True" />
                  <test-case description="Should pass PSAvoidUsingWMICmdlet" name="Testing against PSSA rules.PSSA Standard Rules.Should pass PSAvoidUsingWMICmdlet" time="0.0103" asserts="0" success="True" result="Success" executed="True" />
                  <test-case description="Should pass PSAvoidUsingWriteHost" name="Testing against PSSA rules.PSSA Standard Rules.Should pass PSAvoidUsingWriteHost" time="0.0102" asserts="0" success="True" result="Success" executed="True" />
                  <test-case description="Should pass PSMisleadingBacktick" name="Testing against PSSA rules.PSSA Standard Rules.Should pass PSMisleadingBacktick" time="0.0177" asserts="0" success="True" result="Success" executed="True" />
                  <test-case description="Should pass PSMissingModuleManifestField" name="Testing against PSSA rules.PSSA Standard Rules.Should pass PSMissingModuleManifestField" time="0.012" asserts="0" success="True" result="Success" executed="True" />
                  <test-case description="Should pass PSPlaceCloseBrace" name="Testing against PSSA rules.PSSA Standard Rules.Should pass PSPlaceCloseBrace" time="0.0231" asserts="0" success="True" result="Success" executed="True" />
                  <test-case description="Should pass PSPlaceOpenBrace" name="Testing against PSSA rules.PSSA Standard Rules.Should pass PSPlaceOpenBrace" time="0.0142" asserts="0" success="True" result="Success" executed="True" />
                  <test-case description="Should pass PSPossibleIncorrectComparisonWithNull" name="Testing against PSSA rules.PSSA Standard Rules.Should pass PSPossibleIncorrectComparisonWithNull" time="0.0103" asserts="0" success="True" result="Success" executed="True" />
                  <test-case description="Should pass PSPossibleIncorrectUsageOfAssignmentOperator" name="Testing against PSSA rules.PSSA Standard Rules.Should pass PSPossibleIncorrectUsageOfAssignmentOperator" time="0.0099" asserts="0" success="True" result="Success" executed="True" />
                  <test-case description="Should pass PSPossibleIncorrectUsageOfRedirectionOperator" name="Testing against PSSA rules.PSSA Standard Rules.Should pass PSPossibleIncorrectUsageOfRedirectionOperator" time="0.0117" asserts="0" success="True" result="Success" executed="True" />
                  <test-case description="Should pass PSProvideCommentHelp" name="Testing against PSSA rules.PSSA Standard Rules.Should pass PSProvideCommentHelp" time="0.013" asserts="0" success="True" result="Success" executed="True" />
                  <test-case description="Should pass PSUseApprovedVerbs" name="Testing against PSSA rules.PSSA Standard Rules.Should pass PSUseApprovedVerbs" time="0.0105" asserts="0" success="True" result="Success" executed="True" />
                  <test-case description="Should pass PSUseBOMForUnicodeEncodedFile" name="Testing against PSSA rules.PSSA Standard Rules.Should pass PSUseBOMForUnicodeEncodedFile" time="0.0123" asserts="0" success="True" result="Success" executed="True" />
                  <test-case description="Should pass PSUseCmdletCorrectly" name="Testing against PSSA rules.PSSA Standard Rules.Should pass PSUseCmdletCorrectly" time="0.0098" asserts="0" success="True" result="Success" executed="True" />
                  <test-case description="Should pass PSUseCompatibleCmdlets" name="Testing against PSSA rules.PSSA Standard Rules.Should pass PSUseCompatibleCmdlets" time="0.0099" asserts="0" success="True" result="Success" executed="True" />
                  <test-case description="Should pass PSUseConsistentIndentation" name="Testing against PSSA rules.PSSA Standard Rules.Should pass PSUseConsistentIndentation" time="0.0099" asserts="0" success="True" result="Success" executed="True" />
                  <test-case description="Should pass PSUseConsistentWhitespace" name="Testing against PSSA rules.PSSA Standard Rules.Should pass PSUseConsistentWhitespace" time="0.0122" asserts="0" success="True" result="Success" executed="True" />
                  <test-case description="Should pass PSUseDeclaredVarsMoreThanAssignments" name="Testing against PSSA rules.PSSA Standard Rules.Should pass PSUseDeclaredVarsMoreThanAssignments" time="0.0102" asserts="0" success="True" result="Success" executed="True" />
                  <test-case description="Should pass PSUseLiteralInitializerForHashtable" name="Testing against PSSA rules.PSSA Standard Rules.Should pass PSUseLiteralInitializerForHashtable" time="0.0108" asserts="0" success="True" result="Success" executed="True" />
                  <test-case description="Should pass PSUseOutputTypeCorrectly" name="Testing against PSSA rules.PSSA Standard Rules.Should pass PSUseOutputTypeCorrectly" time="0.0106" asserts="0" success="True" result="Success" executed="True" />
                  <test-case description="Should pass PSUsePSCredentialType" name="Testing against PSSA rules.PSSA Standard Rules.Should pass PSUsePSCredentialType" time="0.0101" asserts="0" success="True" result="Success" executed="True" />
                  <test-case description="Should pass PSShouldProcess" name="Testing against PSSA rules.PSSA Standard Rules.Should pass PSShouldProcess" time="0.0181" asserts="0" success="True" result="Success" executed="True" />
                  <test-case description="Should pass PSUseShouldProcessForStateChangingFunctions" name="Testing against PSSA rules.PSSA Standard Rules.Should pass PSUseShouldProcessForStateChangingFunctions" time="0.0241" asserts="0" success="True" result="Success" executed="True" />
                  <test-case description="Should pass PSUseSingularNouns" name="Testing against PSSA rules.PSSA Standard Rules.Should pass PSUseSingularNouns" time="0.0105" asserts="0" success="True" result="Success" executed="True" />
                  <test-case description="Should pass PSUseSupportsShouldProcess" name="Testing against PSSA rules.PSSA Standard Rules.Should pass PSUseSupportsShouldProcess" time="0.0118" asserts="0" success="True" result="Success" executed="True" />
                  <test-case description="Should pass PSUseToExportFieldsInManifest" name="Testing against PSSA rules.PSSA Standard Rules.Should pass PSUseToExportFieldsInManifest" time="0.011" asserts="0" success="True" result="Success" executed="True" />
                  <test-case description="Should pass PSUseUTF8EncodingForHelpFile" name="Testing against PSSA rules.PSSA Standard Rules.Should pass PSUseUTF8EncodingForHelpFile" time="0.0132" asserts="0" success="True" result="Success" executed="True" />
                  <test-case description="Should pass PSDSCDscExamplesPresent" name="Testing against PSSA rules.PSSA Standard Rules.Should pass PSDSCDscExamplesPresent" time="0.0102" asserts="0" success="True" result="Success" executed="True" />
                  <test-case description="Should pass PSDSCDscTestsPresent" name="Testing against PSSA rules.PSSA Standard Rules.Should pass PSDSCDscTestsPresent" time="0.0096" asserts="0" success="True" result="Success" executed="True" />
                  <test-case description="Should pass PSDSCReturnCorrectTypesForDSCFunctions" name="Testing against PSSA rules.PSSA Standard Rules.Should pass PSDSCReturnCorrectTypesForDSCFunctions" time="0.0107" asserts="0" success="True" result="Success" executed="True" />
                  <test-case description="Should pass PSDSCUseIdenticalMandatoryParametersForDSC" name="Testing against PSSA rules.PSSA Standard Rules.Should pass PSDSCUseIdenticalMandatoryParametersForDSC" time="0.0102" asserts="0" success="True" result="Success" executed="True" />
                  <test-case description="Should pass PSDSCUseIdenticalParametersForDSC" name="Testing against PSSA rules.PSSA Standard Rules.Should pass PSDSCUseIdenticalParametersForDSC" time="0.0122" asserts="0" success="True" result="Success" executed="True" />
                  <test-case description="Should pass PSDSCStandardDSCFunctionsInResource" name="Testing against PSSA rules.PSSA Standard Rules.Should pass PSDSCStandardDSCFunctionsInResource" time="0.0099" asserts="0" success="True" result="Success" executed="True" />
                  <test-case description="Should pass PSDSCUseVerboseMessageInDSCResource" name="Testing against PSSA rules.PSSA Standard Rules.Should pass PSDSCUseVerboseMessageInDSCResource" time="0.0108" asserts="0" success="True" result="Success" executed="True" />
                  <test-case description="Should pass PSAlignAssignmentStatement" name="Testing against PSSA rules.PSSA Standard Rules.Should pass PSAlignAssignmentStatement" time="0.1391" asserts="0" success="True" result="Success" executed="True" />
                  <test-case description="Should pass PSAvoidUsingCmdletAliases" name="Testing against PSSA rules.PSSA Standard Rules.Should pass PSAvoidUsingCmdletAliases" time="0.0134" asserts="0" success="True" result="Success" executed="True" />
                  <test-case description="Should pass PSAvoidAssignmentToAutomaticVariable" name="Testing against PSSA rules.PSSA Standard Rules.Should pass PSAvoidAssignmentToAutomaticVariable" time="0.0113" asserts="0" success="True" result="Success" executed="True" />
                  <test-case description="Should pass PSAvoidDefaultValueSwitchParameter" name="Testing against PSSA rules.PSSA Standard Rules.Should pass PSAvoidDefaultValueSwitchParameter" time="0.0178" asserts="0" success="True" result="Success" executed="True" />
                  <test-case description="Should pass PSAvoidDefaultValueForMandatoryParameter" name="Testing against PSSA rules.PSSA Standard Rules.Should pass PSAvoidDefaultValueForMandatoryParameter" time="0.0122" asserts="0" success="True" result="Success" executed="True" />
                  <test-case description="Should pass PSAvoidUsingEmptyCatchBlock" name="Testing against PSSA rules.PSSA Standard Rules.Should pass PSAvoidUsingEmptyCatchBlock" time="0.011" asserts="0" success="True" result="Success" executed="True" />
                  <test-case description="Should pass PSAvoidGlobalAliases" name="Testing against PSSA rules.PSSA Standard Rules.Should pass PSAvoidGlobalAliases" time="0.0114" asserts="0" success="True" result="Success" executed="True" />
                  <test-case description="Should pass PSAvoidGlobalFunctions" name="Testing against PSSA rules.PSSA Standard Rules.Should pass PSAvoidGlobalFunctions" time="0.011" asserts="0" success="True" result="Success" executed="True" />
                  <test-case description="Should pass PSAvoidGlobalVars" name="Testing against PSSA rules.PSSA Standard Rules.Should pass PSAvoidGlobalVars" time="0.013" asserts="0" success="True" result="Success" executed="True" />
                  <test-case description="Should pass PSAvoidInvokingEmptyMembers" name="Testing against PSSA rules.PSSA Standard Rules.Should pass PSAvoidInvokingEmptyMembers" time="0.0125" asserts="0" success="True" result="Success" executed="True" />
                  <test-case description="Should pass PSAvoidNullOrEmptyHelpMessageAttribute" name="Testing against PSSA rules.PSSA Standard Rules.Should pass PSAvoidNullOrEmptyHelpMessageAttribute" time="0.0126" asserts="0" success="True" result="Success" executed="True" />
                  <test-case description="Should pass PSAvoidUsingPositionalParameters" name="Testing against PSSA rules.PSSA Standard Rules.Should pass PSAvoidUsingPositionalParameters" time="0.0113" asserts="0" success="True" result="Success" executed="True" />
                  <test-case description="Should pass PSReservedCmdletChar" name="Testing against PSSA rules.PSSA Standard Rules.Should pass PSReservedCmdletChar" time="0.0218" asserts="0" success="True" result="Success" executed="True" />
                  <test-case description="Should pass PSReservedParams" name="Testing against PSSA rules.PSSA Standard Rules.Should pass PSReservedParams" time="0.0129" asserts="0" success="True" result="Success" executed="True" />
                  <test-case description="Should pass PSAvoidShouldContinueWithoutForce" name="Testing against PSSA rules.PSSA Standard Rules.Should pass PSAvoidShouldContinueWithoutForce" time="0.0124" asserts="0" success="True" result="Success" executed="True" />
                  <test-case description="Should pass PSAvoidTrailingWhitespace" name="Testing against PSSA rules.PSSA Standard Rules.Should pass PSAvoidTrailingWhitespace" time="0.0267" asserts="0" success="False" result="Failure" executed="True">
                    <failure>
                      <message>Expected 0, but got 1.</message>
                      <stack-trace>at &lt;ScriptBlock&gt;, C:\agent\_work\1\s\Tests\PSSA.tests.ps1: line 20
20:                         $failures.Count | Should Be 0</stack-trace>
                    </failure>
                  </test-case>
                  <test-case description="Should pass PSAvoidUsingUserNameAndPassWordParams" name="Testing against PSSA rules.PSSA Standard Rules.Should pass PSAvoidUsingUserNameAndPassWordParams" time="0.027" asserts="0" success="True" result="Success" executed="True" />
                  <test-case description="Should pass PSAvoidUsingComputerNameHardcoded" name="Testing against PSSA rules.PSSA Standard Rules.Should pass PSAvoidUsingComputerNameHardcoded" time="0.0184" asserts="0" success="True" result="Success" executed="True" />
                  <test-case description="Should pass PSAvoidUsingConvertToSecureStringWithPlainText" name="Testing against PSSA rules.PSSA Standard Rules.Should pass PSAvoidUsingConvertToSecureStringWithPlainText" time="0.0108" asserts="0" success="True" result="Success" executed="True" />
                  <test-case description="Should pass PSAvoidUsingDeprecatedManifestFields" name="Testing against PSSA rules.PSSA Standard Rules.Should pass PSAvoidUsingDeprecatedManifestFields" time="0.0106" asserts="0" success="True" result="Success" executed="True" />
                  <test-case description="Should pass PSAvoidUsingInvokeExpression" name="Testing against PSSA rules.PSSA Standard Rules.Should pass PSAvoidUsingInvokeExpression" time="0.011" asserts="0" success="True" result="Success" executed="True" />
                  <test-case description="Should pass PSAvoidUsingPlainTextForPassword" name="Testing against PSSA rules.PSSA Standard Rules.Should pass PSAvoidUsingPlainTextForPassword" time="0.0113" asserts="0" success="True" result="Success" executed="True" />
                  <test-case description="Should pass PSAvoidUsingWMICmdlet" name="Testing against PSSA rules.PSSA Standard Rules.Should pass PSAvoidUsingWMICmdlet" time="0.0125" asserts="0" success="True" result="Success" executed="True" />
[...]
                  <test-case description="Should pass PSUseCompatibleCmdlets" name="Testing against PSSA rules.PSSA Standard Rules.Should pass PSUseCompatibleCmdlets" time="0.0108" asserts="0" success="True" result="Success" executed="True" />
                  <test-case description="Should pass PSUseConsistentIndentation" name="Testing against PSSA rules.PSSA Standard Rules.Should pass PSUseConsistentIndentation" time="0.0121" asserts="0" success="True" result="Success" executed="True" />
                  <test-case description="Should pass PSUseConsistentWhitespace" name="Testing against PSSA rules.PSSA Standard Rules.Should pass PSUseConsistentWhitespace" time="0.01" asserts="0" success="True" result="Success" executed="True" />
                  <test-case description="Should pass PSUseDeclaredVarsMoreThanAssignments" name="Testing against PSSA rules.PSSA Standard Rules.Should pass PSUseDeclaredVarsMoreThanAssignments" time="0.0105" asserts="0" success="True" result="Success" executed="True" />
                  <test-case description="Should pass PSUseLiteralInitializerForHashtable" name="Testing against PSSA rules.PSSA Standard Rules.Should pass PSUseLiteralInitializerForHashtable" time="0.0114" asserts="0" success="True" result="Success" executed="True" />
                  <test-case description="Should pass PSUseOutputTypeCorrectly" name="Testing against PSSA rules.PSSA Standard Rules.Should pass PSUseOutputTypeCorrectly" time="0.0106" asserts="0" success="True" result="Success" executed="True" />
                  <test-case description="Should pass PSUsePSCredentialType" name="Testing against PSSA rules.PSSA Standard Rules.Should pass PSUsePSCredentialType" time="0.0129" asserts="0" success="True" result="Success" executed="True" />
                  <test-case description="Should pass PSShouldProcess" name="Testing against PSSA rules.PSSA Standard Rules.Should pass PSShouldProcess" time="0.0103" asserts="0" success="True" result="Success" executed="True" />
                  <test-case description="Should pass PSUseShouldProcessForStateChangingFunctions" name="Testing against PSSA rules.PSSA Standard Rules.Should pass PSUseShouldProcessForStateChangingFunctions" time="0.0109" asserts="0" success="True" result="Success" executed="True" />
                  <test-case description="Should pass PSUseSingularNouns" name="Testing against PSSA rules.PSSA Standard Rules.Should pass PSUseSingularNouns" time="0.0099" asserts="0" success="True" result="Success" executed="True" />
                  <test-case description="Should pass PSUseSupportsShouldProcess" name="Testing against PSSA rules.PSSA Standard Rules.Should pass PSUseSupportsShouldProcess" time="0.0101" asserts="0" success="True" result="Success" executed="True" />
                  <test-case description="Should pass PSUseToExportFieldsInManifest" name="Testing against PSSA rules.PSSA Standard Rules.Should pass PSUseToExportFieldsInManifest" time="0.012" asserts="0" success="True" result="Success" executed="True" />
                  <test-case description="Should pass PSUseUTF8EncodingForHelpFile" name="Testing against PSSA rules.PSSA Standard Rules.Should pass PSUseUTF8EncodingForHelpFile" time="0.0106" asserts="0" success="True" result="Success" executed="True" />
                  <test-case description="Should pass PSDSCDscExamplesPresent" name="Testing against PSSA rules.PSSA Standard Rules.Should pass PSDSCDscExamplesPresent" time="0.0108" asserts="0" success="True" result="Success" executed="True" />
                  <test-case description="Should pass PSDSCDscTestsPresent" name="Testing against PSSA rules.PSSA Standard Rules.Should pass PSDSCDscTestsPresent" time="0.0106" asserts="0" success="True" result="Success" executed="True" />
                  <test-case description="Should pass PSDSCReturnCorrectTypesForDSCFunctions" name="Testing against PSSA rules.PSSA Standard Rules.Should pass PSDSCReturnCorrectTypesForDSCFunctions" time="0.0102" asserts="0" success="True" result="Success" executed="True" />
                  <test-case description="Should pass PSDSCUseIdenticalMandatoryParametersForDSC" name="Testing against PSSA rules.PSSA Standard Rules.Should pass PSDSCUseIdenticalMandatoryParametersForDSC" time="0.0126" asserts="0" success="True" result="Success" executed="True" />
                  <test-case description="Should pass PSDSCUseIdenticalParametersForDSC" name="Testing against PSSA rules.PSSA Standard Rules.Should pass PSDSCUseIdenticalParametersForDSC" time="0.0108" asserts="0" success="True" result="Success" executed="True" />
                  <test-case description="Should pass PSDSCStandardDSCFunctionsInResource" name="Testing against PSSA rules.PSSA Standard Rules.Should pass PSDSCStandardDSCFunctionsInResource" time="0.011" asserts="0" success="True" result="Success" executed="True" />
                  <test-case description="Should pass PSDSCUseVerboseMessageInDSCResource" name="Testing against PSSA rules.PSSA Standard Rules.Should pass PSDSCUseVerboseMessageInDSCResource" time="0.0101" asserts="0" success="True" result="Success" executed="True" />
                  <test-case description="Should pass PSAlignAssignmentStatement" name="Testing against PSSA rules.PSSA Standard Rules.Should pass PSAlignAssignmentStatement" time="5.3662" asserts="0" success="True" result="Success" executed="True" />
                  <test-case description="Should pass PSAvoidUsingCmdletAliases" name="Testing against PSSA rules.PSSA Standard Rules.Should pass PSAvoidUsingCmdletAliases" time="0.2403" asserts="0" success="True" result="Success" executed="True" />
                  <test-case description="Should pass PSAvoidAssignmentToAutomaticVariable" name="Testing against PSSA rules.PSSA Standard Rules.Should pass PSAvoidAssignmentToAutomaticVariable" time="0.0157" asserts="0" success="True" result="Success" executed="True" />
                  <test-case description="Should pass PSAvoidDefaultValueSwitchParameter" name="Testing against PSSA rules.PSSA Standard Rules.Should pass PSAvoidDefaultValueSwitchParameter" time="0.0118" asserts="0" success="True" result="Success" executed="True" />
                  <test-case description="Should pass PSAvoidDefaultValueForMandatoryParameter" name="Testing against PSSA rules.PSSA Standard Rules.Should pass PSAvoidDefaultValueForMandatoryParameter" time="0.157" asserts="0" success="True" result="Success" executed="True" />
                  <test-case description="Should pass PSAvoidUsingEmptyCatchBlock" name="Testing against PSSA rules.PSSA Standard Rules.Should pass PSAvoidUsingEmptyCatchBlock" time="0.0126" asserts="0" success="True" result="Success" executed="True" />
                  <test-case description="Should pass PSAvoidGlobalAliases" name="Testing against PSSA rules.PSSA Standard Rules.Should pass PSAvoidGlobalAliases" time="0.0198" asserts="0" success="True" result="Success" executed="True" />
                  <test-case description="Should pass PSAvoidGlobalFunctions" name="Testing against PSSA rules.PSSA Standard Rules.Should pass PSAvoidGlobalFunctions" time="0.0129" asserts="0" success="True" result="Success" executed="True" />
                  <test-case description="Should pass PSAvoidGlobalVars" name="Testing against PSSA rules.PSSA Standard Rules.Should pass PSAvoidGlobalVars" time="0.2196" asserts="0" success="True" result="Success" executed="True" />
                  <test-case description="Should pass PSAvoidInvokingEmptyMembers" name="Testing against PSSA rules.PSSA Standard Rules.Should pass PSAvoidInvokingEmptyMembers" time="0.0878" asserts="0" success="True" result="Success" executed="True" />
                  <test-case description="Should pass PSAvoidNullOrEmptyHelpMessageAttribute" name="Testing against PSSA rules.PSSA Standard Rules.Should pass PSAvoidNullOrEmptyHelpMessageAttribute" time="0.1047" asserts="0" success="True" result="Success" executed="True" />
                  <test-case description="Should pass PSAvoidUsingPositionalParameters" name="Testing against PSSA rules.PSSA Standard Rules.Should pass PSAvoidUsingPositionalParameters" time="0.0952" asserts="0" success="True" result="Success" executed="True" />
                  <test-case description="Should pass PSReservedCmdletChar" name="Testing against PSSA rules.PSSA Standard Rules.Should pass PSReservedCmdletChar" time="0.0528" asserts="0" success="True" result="Success" executed="True" />
                  <test-case description="Should pass PSReservedParams" name="Testing against PSSA rules.PSSA Standard Rules.Should pass PSReservedParams" time="0.0763" asserts="0" success="True" result="Success" executed="True" />
                  <test-case description="Should pass PSAvoidShouldContinueWithoutForce" name="Testing against PSSA rules.PSSA Standard Rules.Should pass PSAvoidShouldContinueWithoutForce" time="0.3411" asserts="0" success="True" result="Success" executed="True" />
                  <test-case description="Should pass PSAvoidTrailingWhitespace" name="Testing against PSSA rules.PSSA Standard Rules.Should pass PSAvoidTrailingWhitespace" time="0.0135" asserts="0" success="True" result="Success" executed="True" />
                  <test-case description="Should pass PSAvoidUsingUserNameAndPassWordParams" name="Testing against PSSA rules.PSSA Standard Rules.Should pass PSAvoidUsingUserNameAndPassWordParams" time="0.0129" asserts="0" success="True" result="Success" executed="True" />
                  <test-case description="Should pass PSAvoidUsingComputerNameHardcoded" name="Testing against PSSA rules.PSSA Standard Rules.Should pass PSAvoidUsingComputerNameHardcoded" time="0.0224" asserts="0" success="True" result="Success" executed="True" />
                  <test-case description="Should pass PSAvoidUsingConvertToSecureStringWithPlainText" name="Testing against PSSA rules.PSSA Standard Rules.Should pass PSAvoidUsingConvertToSecureStringWithPlainText" time="0.0145" asserts="0" success="True" result="Success" executed="True" />
                  <test-case description="Should pass PSAvoidUsingDeprecatedManifestFields" name="Testing against PSSA rules.PSSA Standard Rules.Should pass PSAvoidUsingDeprecatedManifestFields" time="0.3418" asserts="0" success="True" result="Success" executed="True" />
                  <test-case description="Should pass PSAvoidUsingInvokeExpression" name="Testing against PSSA rules.PSSA Standard Rules.Should pass PSAvoidUsingInvokeExpression" time="0.0271" asserts="0" success="True" result="Success" executed="True" />
                  <test-case description="Should pass PSAvoidUsingPlainTextForPassword" name="Testing against PSSA rules.PSSA Standard Rules.Should pass PSAvoidUsingPlainTextForPassword" time="0.014" asserts="0" success="True" result="Success" executed="True" />
                  <test-case description="Should pass PSAvoidUsingWMICmdlet" name="Testing against PSSA rules.PSSA Standard Rules.Should pass PSAvoidUsingWMICmdlet" time="0.3917" asserts="0" success="True" result="Success" executed="True" />
                  <test-case description="Should pass PSAvoidUsingWriteHost" name="Testing against PSSA rules.PSSA Standard Rules.Should pass PSAvoidUsingWriteHost" time="0.025" asserts="0" success="True" result="Success" executed="True" />
                  <test-case description="Should pass PSMisleadingBacktick" name="Testing against PSSA rules.PSSA Standard Rules.Should pass PSMisleadingBacktick" time="0.0098" asserts="0" success="True" result="Success" executed="True" />
                  <test-case description="Should pass PSMissingModuleManifestField" name="Testing against PSSA rules.PSSA Standard Rules.Should pass PSMissingModuleManifestField" time="0.0191" asserts="0" success="True" result="Success" executed="True" />
                  <test-case description="Should pass PSPlaceCloseBrace" name="Testing against PSSA rules.PSSA Standard Rules.Should pass PSPlaceCloseBrace" time="0.0897" asserts="0" success="True" result="Success" executed="True" />
                  <test-case description="Should pass PSPlaceOpenBrace" name="Testing against PSSA rules.PSSA Standard Rules.Should pass PSPlaceOpenBrace" time="0.0247" asserts="0" success="True" result="Success" executed="True" />
                  <test-case description="Should pass PSPossibleIncorrectComparisonWithNull" name="Testing against PSSA rules.PSSA Standard Rules.Should pass PSPossibleIncorrectComparisonWithNull" time="0.0817" asserts="0" success="True" result="Success" executed="True" />
                  <test-case description="Should pass PSPossibleIncorrectUsageOfAssignmentOperator" name="Testing against PSSA rules.PSSA Standard Rules.Should pass PSPossibleIncorrectUsageOfAssignmentOperator" time="0.0843" asserts="0" success="True" result="Success" executed="True" />
                  <test-case description="Should pass PSPossibleIncorrectUsageOfRedirectionOperator" name="Testing against PSSA rules.PSSA Standard Rules.Should pass PSPossibleIncorrectUsageOfRedirectionOperator" time="0.321" asserts="0" success="True" result="Success" executed="True" />
                  <test-case description="Should pass PSProvideCommentHelp" name="Testing against PSSA rules.PSSA Standard Rules.Should pass PSProvideCommentHelp" time="0.6142" asserts="0" success="True" result="Success" executed="True" />
                  <test-case description="Should pass PSUseApprovedVerbs" name="Testing against PSSA rules.PSSA Standard Rules.Should pass PSUseApprovedVerbs" time="0.0129" asserts="0" success="True" result="Success" executed="True" />
                  <test-case description="Should pass PSUseBOMForUnicodeEncodedFile" name="Testing against PSSA rules.PSSA Standard Rules.Should pass PSUseBOMForUnicodeEncodedFile" time="0.3912" asserts="0" success="True" result="Success" executed="True" />
                  <test-case description="Should pass PSUseCmdletCorrectly" name="Testing against PSSA rules.PSSA Standard Rules.Should pass PSUseCmdletCorrectly" time="0.2317" asserts="0" success="True" result="Success" executed="True" />
                  <test-case description="Should pass PSUseCompatibleCmdlets" name="Testing against PSSA rules.PSSA Standard Rules.Should pass PSUseCompatibleCmdlets" time="0.0461" asserts="0" success="True" result="Success" executed="True" />
                  <test-case description="Should pass PSUseConsistentIndentation" name="Testing against PSSA rules.PSSA Standard Rules.Should pass PSUseConsistentIndentation" time="0.015" asserts="0" success="True" result="Success" executed="True" />
                  <test-case description="Should pass PSUseConsistentWhitespace" name="Testing against PSSA rules.PSSA Standard Rules.Should pass PSUseConsistentWhitespace" time="0.1028" asserts="0" success="True" result="Success" executed="True" />
                  <test-case description="Should pass PSUseDeclaredVarsMoreThanAssignments" name="Testing against PSSA rules.PSSA Standard Rules.Should pass PSUseDeclaredVarsMoreThanAssignments" time="0.1488" asserts="0" success="True" result="Success" executed="True" />
                  <test-case description="Should pass PSUseLiteralInitializerForHashtable" name="Testing against PSSA rules.PSSA Standard Rules.Should pass PSUseLiteralInitializerForHashtable" time="0.1863" asserts="0" success="True" result="Success" executed="True" />
                  <test-case description="Should pass PSUseOutputTypeCorrectly" name="Testing against PSSA rules.PSSA Standard Rules.Should pass PSUseOutputTypeCorrectly" time="0.1592" asserts="0" success="True" result="Success" executed="True" />
                  <test-case description="Should pass PSUsePSCredentialType" name="Testing against PSSA rules.PSSA Standard Rules.Should pass PSUsePSCredentialType" time="0.1555" asserts="0" success="True" result="Success" executed="True" />
                  <test-case description="Should pass PSShouldProcess" name="Testing against PSSA rules.PSSA Standard Rules.Should pass PSShouldProcess" time="0.0502" asserts="0" success="True" result="Success" executed="True" />
                  <test-case description="Should pass PSUseShouldProcessForStateChangingFunctions" name="Testing against PSSA rules.PSSA Standard Rules.Should pass PSUseShouldProcessForStateChangingFunctions" time="0.0773" asserts="0" success="True" result="Success" executed="True" />
                  <test-case description="Should pass PSUseSingularNouns" name="Testing against PSSA rules.PSSA Standard Rules.Should pass PSUseSingularNouns" time="0.3796" asserts="0" success="False" result="Failure" executed="True">
                    <failure>
                      <message>Expected 0, but got 1.</message>
                      <stack-trace>at &lt;ScriptBlock&gt;, C:\agent\_work\1\s\Tests\PSSA.tests.ps1: line 20
20:                         $failures.Count | Should Be 0</stack-trace>
                    </failure>
                  </test-case>
                  <test-case description="Should pass PSUseSupportsShouldProcess" name="Testing against PSSA rules.PSSA Standard Rules.Should pass PSUseSupportsShouldProcess" time="0.4218" asserts="0" success="True" result="Success" executed="True" />
                  <test-case description="Should pass PSUseToExportFieldsInManifest" name="Testing against PSSA rules.PSSA Standard Rules.Should pass PSUseToExportFieldsInManifest" time="0.0443" asserts="0" success="True" result="Success" executed="True" />
                  <test-case description="Should pass PSUseUTF8EncodingForHelpFile" name="Testing against PSSA rules.PSSA Standard Rules.Should pass PSUseUTF8EncodingForHelpFile" time="0.0294" asserts="0" success="True" result="Success" executed="True" />
                  <test-case description="Should pass PSDSCDscExamplesPresent" name="Testing against PSSA rules.PSSA Standard Rules.Should pass PSDSCDscExamplesPresent" time="0.0137" asserts="0" success="True" result="Success" executed="True" />
                  <test-case description="Should pass PSDSCDscTestsPresent" name="Testing against PSSA rules.PSSA Standard Rules.Should pass PSDSCDscTestsPresent" time="0.3284" asserts="0" success="True" result="Success" executed="True" />
                  <test-case description="Should pass PSDSCReturnCorrectTypesForDSCFunctions" name="Testing against PSSA rules.PSSA Standard Rules.Should pass PSDSCReturnCorrectTypesForDSCFunctions" time="0.0134" asserts="0" success="True" result="Success" executed="True" />
                  <test-case description="Should pass PSDSCUseIdenticalMandatoryParametersForDSC" name="Testing against PSSA rules.PSSA Standard Rules.Should pass PSDSCUseIdenticalMandatoryParametersForDSC" time="0.0106" asserts="0" success="True" result="Success" executed="True" />
                  <test-case description="Should pass PSDSCUseIdenticalParametersForDSC" name="Testing against PSSA rules.PSSA Standard Rules.Should pass PSDSCUseIdenticalParametersForDSC" time="0.1456" asserts="0" success="True" result="Success" executed="True" />
                  <test-case description="Should pass PSDSCStandardDSCFunctionsInResource" name="Testing against PSSA rules.PSSA Standard Rules.Should pass PSDSCStandardDSCFunctionsInResource" time="0.088" asserts="0" success="True" result="Success" executed="True" />
                  <test-case description="Should pass PSDSCUseVerboseMessageInDSCResource" name="Testing against PSSA rules.PSSA Standard Rules.Should pass PSDSCUseVerboseMessageInDSCResource" time="0.1645" asserts="0" success="True" result="Success" executed="True" />
                </results>
              </test-suite>
            </results>
          </test-suite>
        </results>
      </test-suite>
    </results>
  </test-suite>
</test-results>